[15-Aug-2025 08:35:49 Europe/Berlin] Error in search.php: SQLSTATE[42S02]: Base table or view not found: 1146 Table 'arc-hive-maindb.documents_type_fields' doesn't exist
[15-Aug-2025 08:35:58 Europe/Berlin] Error in search.php: SQLSTATE[42S02]: Base table or view not found: 1146 Table 'arc-hive-maindb.documents_type_fields' doesn't exist
[15-Aug-2025 08:35:59 Europe/Berlin] Error in search.php: SQLSTATE[42S02]: Base table or view not found: 1146 Table 'arc-hive-maindb.documents_type_fields' doesn't exist
[15-Aug-2025 08:36:00 Europe/Berlin] Error in search.php: SQLSTATE[42S02]: Base table or view not found: 1146 Table 'arc-hive-maindb.documents_type_fields' doesn't exist
[15-Aug-2025 08:36:00 Europe/Berlin] Error in search.php: SQLSTATE[42S02]: Base table or view not found: 1146 Table 'arc-hive-maindb.documents_type_fields' doesn't exist
[15-Aug-2025 08:36:00 Europe/Berlin] Error in search.php: SQLSTATE[42S02]: Base table or view not found: 1146 Table 'arc-hive-maindb.documents_type_fields' doesn't exist
[15-Aug-2025 08:36:01 Europe/Berlin] Error in search.php: SQLSTATE[42S02]: Base table or view not found: 1146 Table 'arc-hive-maindb.documents_type_fields' doesn't exist
[15-Aug-2025 08:36:01 Europe/Berlin] Error in search.php: SQLSTATE[42S02]: Base table or view not found: 1146 Table 'arc-hive-maindb.documents_type_fields' doesn't exist
[15-Aug-2025 08:39:20 Europe/Berlin] Error in search.php: SQLSTATE[42S02]: Base table or view not found: 1146 Table 'arc-hive-maindb.documents_type_fields' doesn't exist
[15-Aug-2025 08:41:53 Europe/Berlin] Error in search.php: SQLSTATE[42S02]: Base table or view not found: 1146 Table 'arc-hive-maindb.documents_type_fields' doesn't exist
[15-Aug-2025 08:45:21 Europe/Berlin] Error in search.php: SQLSTATE[42S02]: Base table or view not found: 1146 Table 'arc-hive-maindb.documents_type_fields' doesn't exist
[15-Aug-2025 08:45:22 Europe/Berlin] Error in search.php: SQLSTATE[42S02]: Base table or view not found: 1146 Table 'arc-hive-maindb.documents_type_fields' doesn't exist
[15-Aug-2025 08:45:23 Europe/Berlin] Error in search.php: SQLSTATE[42S02]: Base table or view not found: 1146 Table 'arc-hive-maindb.documents_type_fields' doesn't exist
[15-Aug-2025 08:45:23 Europe/Berlin] Error in search.php: SQLSTATE[42S02]: Base table or view not found: 1146 Table 'arc-hive-maindb.documents_type_fields' doesn't exist
[15-Aug-2025 08:45:23 Europe/Berlin] Error in search.php: SQLSTATE[42S02]: Base table or view not found: 1146 Table 'arc-hive-maindb.documents_type_fields' doesn't exist
[15-Aug-2025 08:45:23 Europe/Berlin] Error in search.php: SQLSTATE[42S02]: Base table or view not found: 1146 Table 'arc-hive-maindb.documents_type_fields' doesn't exist
[15-Aug-2025 08:45:23 Europe/Berlin] Error in search.php: SQLSTATE[42S02]: Base table or view not found: 1146 Table 'arc-hive-maindb.documents_type_fields' doesn't exist
[15-Aug-2025 08:45:24 Europe/Berlin] Error in search.php: SQLSTATE[42S02]: Base table or view not found: 1146 Table 'arc-hive-maindb.documents_type_fields' doesn't exist
[15-Aug-2025 08:45:24 Europe/Berlin] Error in search.php: SQLSTATE[42S02]: Base table or view not found: 1146 Table 'arc-hive-maindb.documents_type_fields' doesn't exist
[15-Aug-2025 08:45:24 Europe/Berlin] Error in search.php: SQLSTATE[42S02]: Base table or view not found: 1146 Table 'arc-hive-maindb.documents_type_fields' doesn't exist
[15-Aug-2025 08:45:24 Europe/Berlin] Error in search.php: SQLSTATE[42S02]: Base table or view not found: 1146 Table 'arc-hive-maindb.documents_type_fields' doesn't exist
[15-Aug-2025 08:45:25 Europe/Berlin] Error in search.php: SQLSTATE[42S02]: Base table or view not found: 1146 Table 'arc-hive-maindb.documents_type_fields' doesn't exist
[15-Aug-2025 08:45:25 Europe/Berlin] Error in search.php: SQLSTATE[42S02]: Base table or view not found: 1146 Table 'arc-hive-maindb.documents_type_fields' doesn't exist
[15-Aug-2025 08:45:25 Europe/Berlin] Error in search.php: SQLSTATE[42S02]: Base table or view not found: 1146 Table 'arc-hive-maindb.documents_type_fields' doesn't exist
[15-Aug-2025 08:45:25 Europe/Berlin] Error in search.php: SQLSTATE[42S02]: Base table or view not found: 1146 Table 'arc-hive-maindb.documents_type_fields' doesn't exist
[15-Aug-2025 08:45:26 Europe/Berlin] Error in search.php: SQLSTATE[42S02]: Base table or view not found: 1146 Table 'arc-hive-maindb.documents_type_fields' doesn't exist
[15-Aug-2025 08:45:26 Europe/Berlin] Error in search.php: SQLSTATE[42S02]: Base table or view not found: 1146 Table 'arc-hive-maindb.documents_type_fields' doesn't exist
[15-Aug-2025 08:45:26 Europe/Berlin] Error in search.php: SQLSTATE[42S02]: Base table or view not found: 1146 Table 'arc-hive-maindb.documents_type_fields' doesn't exist
[15-Aug-2025 08:45:27 Europe/Berlin] Error in search.php: SQLSTATE[42S02]: Base table or view not found: 1146 Table 'arc-hive-maindb.documents_type_fields' doesn't exist
[15-Aug-2025 08:45:27 Europe/Berlin] Error in search.php: SQLSTATE[42S02]: Base table or view not found: 1146 Table 'arc-hive-maindb.documents_type_fields' doesn't exist
[15-Aug-2025 08:45:32 Europe/Berlin] [2025-08-15 08:45:32] User 15 (user) accessed My Report page (users_department_id=8)
[15-Aug-2025 08:45:35 Europe/Berlin] Error in my-Folder.php: SQLSTATE[42S02]: Base table or view not found: 1146 Table 'arc-hive-maindb.documents_type_fields' doesn't exist
[15-Aug-2025 08:45:35 Europe/Berlin] PHP Fatal error:  Uncaught TypeError: http_response_code(): Argument #1 ($response_code) must be of type int, string given in C:\xampp\htdocs\Capstone_MAIN\my-Folder.php:211
Stack trace:
#0 C:\xampp\htdocs\Capstone_MAIN\my-Folder.php(211): http_response_code('42S02')
#1 {main}
  thrown in C:\xampp\htdocs\Capstone_MAIN\my-Folder.php on line 211
[15-Aug-2025 08:45:37 Europe/Berlin] [2025-08-15 08:45:37] User 15 (user) accessed My Report page (users_department_id=8)
[15-Aug-2025 08:48:01 Europe/Berlin] Error in search.php: SQLSTATE[42S02]: Base table or view not found: 1146 Table 'arc-hive-maindb.documents_type_fields' doesn't exist
[15-Aug-2025 08:58:50 Europe/Berlin] Error in search.php: SQLSTATE[42S02]: Base table or view not found: 1146 Table 'arc-hive-maindb.documents_type_fields' doesn't exist
[15-Aug-2025 09:01:07 Europe/Berlin] Error in search.php: SQLSTATE[42S02]: Base table or view not found: 1146 Table 'arc-hive-maindb.documents_type_fields' doesn't exist
[15-Aug-2025 09:01:10 Europe/Berlin] Error in search.php: SQLSTATE[42S02]: Base table or view not found: 1146 Table 'arc-hive-maindb.documents_type_fields' doesn't exist
[15-Aug-2025 09:01:13 Europe/Berlin] Error in search.php: SQLSTATE[42S02]: Base table or view not found: 1146 Table 'arc-hive-maindb.documents_type_fields' doesn't exist
[15-Aug-2025 10:02:57 Europe/Berlin] Executing SQL: 
        SELECT f.file_id AS id, f.file_name AS file_name, f.upload_date AS upload_date, f.file_type AS file_type,
               f.file_status AS file_status, f.file_path AS file_path, f.file_size AS file_size,
               COALESCE(dtf.field_name, 'Unknown Type') AS document_type,
               COALESCE(u.username, 'Unknown User') AS uploaded_by,
               COALESCE(d.department_name, 'No Department') AS department_name,
               f.copy_type
        FROM files f
        LEFT JOIN document_types dtf ON f.document_type_id = dtf.document_type_id
        LEFT JOIN users u ON f.user_id = u.user_id
        LEFT JOIN users_department ud ON u.user_id = ud.user_id
        LEFT JOIN departments d ON ud.department_id = d.department_id
        WHERE f.file_status != 'deleted'
     AND (f.user_id = ? OR ud.department_id IN (?)) ORDER BY f.file_name ASC LIMIT ? OFFSET ?
[15-Aug-2025 10:02:57 Europe/Berlin] Parameters: [15,16,10,0]
[15-Aug-2025 10:02:57 Europe/Berlin] Executing Count SQL: 
        SELECT COUNT(*) as total
        FROM files f
        LEFT JOIN document_types dtf ON f.document_type_id = dtf.document_type_id
        LEFT JOIN users u ON f.user_id = u.user_id
        LEFT JOIN users_department ud ON u.user_id = ud.user_id
        LEFT JOIN departments d ON ud.department_id = d.department_id
        WHERE f.file_status != 'deleted'
        AND (f.user_id = ? OR ud.department_id IN (?))
[15-Aug-2025 10:02:57 Europe/Berlin] Count Parameters: [15,16]
[15-Aug-2025 10:02:57 Europe/Berlin] Error in search.php: SQLSTATE[42S22]: Column not found: 1054 Unknown column 'message' in 'field list' | Line: 293 | Trace: #0 C:\xampp\htdocs\Capstone_MAIN\search.php(293): PDO->prepare('\r\n        INSER...')
#1 {main}
[15-Aug-2025 10:02:59 Europe/Berlin] Executing SQL: 
        SELECT f.file_id AS id, f.file_name AS file_name, f.upload_date AS upload_date, f.file_type AS file_type,
               f.file_status AS file_status, f.file_path AS file_path, f.file_size AS file_size,
               COALESCE(dtf.field_name, 'Unknown Type') AS document_type,
               COALESCE(u.username, 'Unknown User') AS uploaded_by,
               COALESCE(d.department_name, 'No Department') AS department_name,
               f.copy_type
        FROM files f
        LEFT JOIN document_types dtf ON f.document_type_id = dtf.document_type_id
        LEFT JOIN users u ON f.user_id = u.user_id
        LEFT JOIN users_department ud ON u.user_id = ud.user_id
        LEFT JOIN departments d ON ud.department_id = d.department_id
        WHERE f.file_status != 'deleted'
     AND (f.user_id = ? OR ud.department_id IN (?)) ORDER BY f.file_name ASC LIMIT ? OFFSET ?
[15-Aug-2025 10:02:59 Europe/Berlin] Parameters: [15,16,10,0]
[15-Aug-2025 10:02:59 Europe/Berlin] Executing Count SQL: 
        SELECT COUNT(*) as total
        FROM files f
        LEFT JOIN document_types dtf ON f.document_type_id = dtf.document_type_id
        LEFT JOIN users u ON f.user_id = u.user_id
        LEFT JOIN users_department ud ON u.user_id = ud.user_id
        LEFT JOIN departments d ON ud.department_id = d.department_id
        WHERE f.file_status != 'deleted'
        AND (f.user_id = ? OR ud.department_id IN (?))
[15-Aug-2025 10:02:59 Europe/Berlin] Count Parameters: [15,16]
[15-Aug-2025 10:02:59 Europe/Berlin] Error in search.php: SQLSTATE[42S22]: Column not found: 1054 Unknown column 'message' in 'field list' | Line: 293 | Trace: #0 C:\xampp\htdocs\Capstone_MAIN\search.php(293): PDO->prepare('\r\n        INSER...')
#1 {main}
[15-Aug-2025 10:03:04 Europe/Berlin] Executing SQL: 
        SELECT f.file_id AS id, f.file_name AS file_name, f.upload_date AS upload_date, f.file_type AS file_type,
               f.file_status AS file_status, f.file_path AS file_path, f.file_size AS file_size,
               COALESCE(dtf.field_name, 'Unknown Type') AS document_type,
               COALESCE(u.username, 'Unknown User') AS uploaded_by,
               COALESCE(d.department_name, 'No Department') AS department_name,
               f.copy_type
        FROM files f
        LEFT JOIN document_types dtf ON f.document_type_id = dtf.document_type_id
        LEFT JOIN users u ON f.user_id = u.user_id
        LEFT JOIN users_department ud ON u.user_id = ud.user_id
        LEFT JOIN departments d ON ud.department_id = d.department_id
        WHERE f.file_status != 'deleted'
     AND (f.user_id = ? OR ud.department_id IN (?)) ORDER BY f.file_name ASC LIMIT ? OFFSET ?
[15-Aug-2025 10:03:04 Europe/Berlin] Parameters: [15,16,10,0]
[15-Aug-2025 10:03:04 Europe/Berlin] Executing Count SQL: 
        SELECT COUNT(*) as total
        FROM files f
        LEFT JOIN document_types dtf ON f.document_type_id = dtf.document_type_id
        LEFT JOIN users u ON f.user_id = u.user_id
        LEFT JOIN users_department ud ON u.user_id = ud.user_id
        LEFT JOIN departments d ON ud.department_id = d.department_id
        WHERE f.file_status != 'deleted'
        AND (f.user_id = ? OR ud.department_id IN (?))
[15-Aug-2025 10:03:04 Europe/Berlin] Count Parameters: [15,16]
[15-Aug-2025 10:03:04 Europe/Berlin] Error in search.php: SQLSTATE[42S22]: Column not found: 1054 Unknown column 'message' in 'field list' | Line: 293 | Trace: #0 C:\xampp\htdocs\Capstone_MAIN\search.php(293): PDO->prepare('\r\n        INSER...')
#1 {main}
[15-Aug-2025 10:03:06 Europe/Berlin] Executing SQL: 
        SELECT f.file_id AS id, f.file_name AS file_name, f.upload_date AS upload_date, f.file_type AS file_type,
               f.file_status AS file_status, f.file_path AS file_path, f.file_size AS file_size,
               COALESCE(dtf.field_name, 'Unknown Type') AS document_type,
               COALESCE(u.username, 'Unknown User') AS uploaded_by,
               COALESCE(d.department_name, 'No Department') AS department_name,
               f.copy_type
        FROM files f
        LEFT JOIN document_types dtf ON f.document_type_id = dtf.document_type_id
        LEFT JOIN users u ON f.user_id = u.user_id
        LEFT JOIN users_department ud ON u.user_id = ud.user_id
        LEFT JOIN departments d ON ud.department_id = d.department_id
        WHERE f.file_status != 'deleted'
     AND (f.user_id = ? OR ud.department_id IN (?)) ORDER BY f.file_name ASC LIMIT ? OFFSET ?
[15-Aug-2025 10:03:06 Europe/Berlin] Parameters: [15,16,10,0]
[15-Aug-2025 10:03:06 Europe/Berlin] Executing Count SQL: 
        SELECT COUNT(*) as total
        FROM files f
        LEFT JOIN document_types dtf ON f.document_type_id = dtf.document_type_id
        LEFT JOIN users u ON f.user_id = u.user_id
        LEFT JOIN users_department ud ON u.user_id = ud.user_id
        LEFT JOIN departments d ON ud.department_id = d.department_id
        WHERE f.file_status != 'deleted'
        AND (f.user_id = ? OR ud.department_id IN (?))
[15-Aug-2025 10:03:06 Europe/Berlin] Count Parameters: [15,16]
[15-Aug-2025 10:03:06 Europe/Berlin] Error in search.php: SQLSTATE[42S22]: Column not found: 1054 Unknown column 'message' in 'field list' | Line: 293 | Trace: #0 C:\xampp\htdocs\Capstone_MAIN\search.php(293): PDO->prepare('\r\n        INSER...')
#1 {main}
[15-Aug-2025 10:03:33 Europe/Berlin] Executing SQL: 
        SELECT f.file_id AS id, f.file_name AS file_name, f.upload_date AS upload_date, f.file_type AS file_type,
               f.file_status AS file_status, f.file_path AS file_path, f.file_size AS file_size,
               COALESCE(dtf.field_name, 'Unknown Type') AS document_type,
               COALESCE(u.username, 'Unknown User') AS uploaded_by,
               COALESCE(d.department_name, 'No Department') AS department_name,
               f.copy_type
        FROM files f
        LEFT JOIN document_types dtf ON f.document_type_id = dtf.document_type_id
        LEFT JOIN users u ON f.user_id = u.user_id
        LEFT JOIN users_department ud ON u.user_id = ud.user_id
        LEFT JOIN departments d ON ud.department_id = d.department_id
        WHERE f.file_status != 'deleted'
     AND (f.user_id = ? OR ud.department_id IN (?)) ORDER BY f.file_name ASC LIMIT ? OFFSET ?
[15-Aug-2025 10:03:33 Europe/Berlin] Parameters: [15,16,10,0]
[15-Aug-2025 10:03:33 Europe/Berlin] Executing Count SQL: 
        SELECT COUNT(*) as total
        FROM files f
        LEFT JOIN document_types dtf ON f.document_type_id = dtf.document_type_id
        LEFT JOIN users u ON f.user_id = u.user_id
        LEFT JOIN users_department ud ON u.user_id = ud.user_id
        LEFT JOIN departments d ON ud.department_id = d.department_id
        WHERE f.file_status != 'deleted'
        AND (f.user_id = ? OR ud.department_id IN (?))
[15-Aug-2025 10:03:33 Europe/Berlin] Count Parameters: [15,16]
[15-Aug-2025 10:03:33 Europe/Berlin] Error in search.php: SQLSTATE[42S22]: Column not found: 1054 Unknown column 'message' in 'field list' | Line: 293 | Trace: #0 C:\xampp\htdocs\Capstone_MAIN\search.php(293): PDO->prepare('\r\n        INSER...')
#1 {main}
[15-Aug-2025 10:10:23 Europe/Berlin] Error in search.php: SQLSTATE[42S22]: Column not found: 1054 Unknown column 'message' in 'field list' | Line: 305
[15-Aug-2025 10:10:24 Europe/Berlin] Error in search.php: SQLSTATE[42S22]: Column not found: 1054 Unknown column 'message' in 'field list' | Line: 305
[15-Aug-2025 10:10:25 Europe/Berlin] Error in search.php: SQLSTATE[42S22]: Column not found: 1054 Unknown column 'message' in 'field list' | Line: 305
[15-Aug-2025 10:10:26 Europe/Berlin] Error in search.php: SQLSTATE[42S22]: Column not found: 1054 Unknown column 'message' in 'field list' | Line: 305
[15-Aug-2025 10:10:27 Europe/Berlin] Error in search.php: SQLSTATE[42S22]: Column not found: 1054 Unknown column 'message' in 'field list' | Line: 305
[15-Aug-2025 10:10:28 Europe/Berlin] Error in search.php: SQLSTATE[42S22]: Column not found: 1054 Unknown column 'message' in 'field list' | Line: 305
[15-Aug-2025 10:10:39 Europe/Berlin] Error in search.php: SQLSTATE[42S22]: Column not found: 1054 Unknown column 'message' in 'field list' | Line: 305
[15-Aug-2025 10:10:41 Europe/Berlin] Error in search.php: SQLSTATE[42S22]: Column not found: 1054 Unknown column 'message' in 'field list' | Line: 305
[15-Aug-2025 10:10:45 Europe/Berlin] Error in search.php: SQLSTATE[42S22]: Column not found: 1054 Unknown column 'message' in 'field list' | Line: 305
[15-Aug-2025 10:10:47 Europe/Berlin] Error in search.php: SQLSTATE[42S22]: Column not found: 1054 Unknown column 'message' in 'field list' | Line: 305
[15-Aug-2025 13:30:35 Europe/Berlin] Search error: SQLSTATE[42S22]: Column not found: 1054 Unknown column 'dt.document_type' in 'field list'
[15-Aug-2025 13:30:52 Europe/Berlin] Search error: SQLSTATE[42S22]: Column not found: 1054 Unknown column 'dt.document_type' in 'field list'
[15-Aug-2025 13:31:04 Europe/Berlin] Search error: SQLSTATE[42S22]: Column not found: 1054 Unknown column 'dt.document_type' in 'field list'
[15-Aug-2025 13:33:19 Europe/Berlin] Search error: SQLSTATE[42S22]: Column not found: 1054 Unknown column 'dt.document_type' in 'field list'
[15-Aug-2025 13:41:39 Europe/Berlin] Search error: SQLSTATE[42S22]: Column not found: 1054 Unknown column 'dt.document_type' in 'field list'
[15-Aug-2025 13:41:54 Europe/Berlin] Search error: SQLSTATE[42S22]: Column not found: 1054 Unknown column 'dt.document_type' in 'field list'
[15-Aug-2025 13:59:21 Europe/Berlin] Empty or null extracted_text for file_id: 118
[15-Aug-2025 14:02:51 Europe/Berlin] Empty or null extracted_text for file_id: 118
[15-Aug-2025 14:03:01 Europe/Berlin] Empty or null extracted_text for file_id: 118
[15-Aug-2025 14:05:09 Europe/Berlin] View text for file_id: 118, file_status: ocr_complete, extracted_text length: 0
[15-Aug-2025 14:10:21 Europe/Berlin] View text for file_id: 118, file_status: ocr_complete, extracted_text length: 0
[15-Aug-2025 14:10:42 Europe/Berlin] View text for file_id: 115, file_status: ocr_complete, extracted_text length: 0
[16-Aug-2025 09:05:10 Europe/Berlin] Error in my-Folder.php: SQLSTATE[42S02]: Base table or view not found: 1146 Table 'arc-hive-maindb.documents_type_fields' doesn't exist
[16-Aug-2025 09:05:10 Europe/Berlin] PHP Fatal error:  Uncaught TypeError: http_response_code(): Argument #1 ($response_code) must be of type int, string given in C:\xampp\htdocs\Capstone_MAIN\my-Folder.php:211
Stack trace:
#0 C:\xampp\htdocs\Capstone_MAIN\my-Folder.php(211): http_response_code('42S02')
#1 {main}
  thrown in C:\xampp\htdocs\Capstone_MAIN\my-Folder.php on line 211
[16-Aug-2025 09:09:33 Europe/Berlin] View text for file_id: 115, file_status: ocr_complete, extracted_text length: 0
[16-Aug-2025 09:36:48 Europe/Berlin] Session validation failed: user_id or role not set.
[16-Aug-2025 09:36:48 Europe/Berlin] Error in test_search.php: Session validation failed. | Line: 39
[16-Aug-2025 09:36:48 Europe/Berlin] Session validation failed: user_id or role not set.
[16-Aug-2025 09:36:48 Europe/Berlin] Error in test_search.php: Session validation failed. | Line: 39
[16-Aug-2025 09:36:49 Europe/Berlin] Session validation failed: user_id or role not set.
[16-Aug-2025 09:36:49 Europe/Berlin] Error in test_search.php: Session validation failed. | Line: 39
[16-Aug-2025 09:36:50 Europe/Berlin] Session validation failed: user_id or role not set.
[16-Aug-2025 09:36:50 Europe/Berlin] Error in test_search.php: Session validation failed. | Line: 39
[16-Aug-2025 09:36:50 Europe/Berlin] Session validation failed: user_id or role not set.
[16-Aug-2025 09:36:50 Europe/Berlin] Error in test_search.php: Session validation failed. | Line: 39
[16-Aug-2025 09:36:51 Europe/Berlin] Session validation failed: user_id or role not set.
[16-Aug-2025 09:36:51 Europe/Berlin] Error in test_search.php: Session validation failed. | Line: 39
[16-Aug-2025 10:44:47 Europe/Berlin] View text for file_id: 113, file_status: ocr_complete, extracted_text length: 0
[16-Aug-2025 10:44:48 Europe/Berlin] View text for file_id: 113, file_status: ocr_complete, extracted_text length: 0
[16-Aug-2025 10:44:49 Europe/Berlin] View text for file_id: 113, file_status: ocr_complete, extracted_text length: 0
[18-Aug-2025 14:40:04 Europe/Berlin] Error in my-Folder.php: SQLSTATE[42S02]: Base table or view not found: 1146 Table 'arc-hive-maindb.documents_type_fields' doesn't exist
[18-Aug-2025 14:40:04 Europe/Berlin] PHP Fatal error:  Uncaught TypeError: http_response_code(): Argument #1 ($response_code) must be of type int, string given in C:\xampp\htdocs\GitHub\Arc_Hive\my-Folder.php:211
Stack trace:
#0 C:\xampp\htdocs\GitHub\Arc_Hive\my-Folder.php(211): http_response_code('42S02')
#1 {main}
  thrown in C:\xampp\htdocs\GitHub\Arc_Hive\my-Folder.php on line 211
[18-Aug-2025 14:40:07 Europe/Berlin] Error in Department_folder.php: SQLSTATE[42S02]: Base table or view not found: 1146 Table 'arc-hive-maindb.documents_type_fields' doesn't exist
[18-Aug-2025 14:40:07 Europe/Berlin] PHP Fatal error:  Uncaught TypeError: http_response_code(): Argument #1 ($response_code) must be of type int, string given in C:\xampp\htdocs\GitHub\Arc_Hive\Department_folder.php:297
Stack trace:
#0 C:\xampp\htdocs\GitHub\Arc_Hive\Department_folder.php(297): http_response_code('42S02')
#1 {main}
  thrown in C:\xampp\htdocs\GitHub\Arc_Hive\Department_folder.php on line 297
[18-Aug-2025 14:40:11 Europe/Berlin] Error in my-report.php: SQLSTATE[42S22]: Column not found: 1054 Unknown column 'f.physical_storage_path' in 'field list'
[18-Aug-2025 14:40:11 Europe/Berlin] PHP Fatal error:  Uncaught TypeError: sendJsonResponse(): Argument #4 ($statusCode) must be of type int, string given, called in C:\xampp\htdocs\GitHub\Arc_Hive\my-report.php on line 159 and defined in C:\xampp\htdocs\GitHub\Arc_Hive\my-report.php:33
Stack trace:
#0 C:\xampp\htdocs\GitHub\Arc_Hive\my-report.php(159): sendJsonResponse(false, 'Server error: S...', Array, '42S22')
#1 {main}
  thrown in C:\xampp\htdocs\GitHub\Arc_Hive\my-report.php on line 33
[18-Aug-2025 14:41:54 Europe/Berlin] Error in my-report.php: SQLSTATE[42S22]: Column not found: 1054 Unknown column 'f.physical_storage_path' in 'field list'
[18-Aug-2025 14:41:54 Europe/Berlin] PHP Fatal error:  Uncaught TypeError: sendJsonResponse(): Argument #4 ($statusCode) must be of type int, string given, called in C:\xampp\htdocs\GitHub\Arc_Hive\my-report.php on line 159 and defined in C:\xampp\htdocs\GitHub\Arc_Hive\my-report.php:33
Stack trace:
#0 C:\xampp\htdocs\GitHub\Arc_Hive\my-report.php(159): sendJsonResponse(false, 'Server error: S...', Array, '42S22')
#1 {main}
  thrown in C:\xampp\htdocs\GitHub\Arc_Hive\my-report.php on line 33
[18-Aug-2025 14:41:58 Europe/Berlin] Error in Department_folder.php: SQLSTATE[42S02]: Base table or view not found: 1146 Table 'arc-hive-maindb.documents_type_fields' doesn't exist
[18-Aug-2025 14:41:58 Europe/Berlin] PHP Fatal error:  Uncaught TypeError: http_response_code(): Argument #1 ($response_code) must be of type int, string given in C:\xampp\htdocs\GitHub\Arc_Hive\Department_folder.php:297
Stack trace:
#0 C:\xampp\htdocs\GitHub\Arc_Hive\Department_folder.php(297): http_response_code('42S02')
#1 {main}
  thrown in C:\xampp\htdocs\GitHub\Arc_Hive\Department_folder.php on line 297
[18-Aug-2025 15:17:49 Europe/Berlin] Error in my-report.php: SQLSTATE[42S22]: Column not found: 1054 Unknown column 'f.physical_storage_path' in 'field list'
[18-Aug-2025 15:17:49 Europe/Berlin] PHP Fatal error:  Uncaught TypeError: sendJsonResponse(): Argument #4 ($statusCode) must be of type int, string given, called in C:\xampp\htdocs\GitHub\Arc_Hive\my-report.php on line 159 and defined in C:\xampp\htdocs\GitHub\Arc_Hive\my-report.php:33
Stack trace:
#0 C:\xampp\htdocs\GitHub\Arc_Hive\my-report.php(159): sendJsonResponse(false, 'Server error: S...', Array, '42S22')
#1 {main}
  thrown in C:\xampp\htdocs\GitHub\Arc_Hive\my-report.php on line 33
[18-Aug-2025 15:17:51 Europe/Berlin] Error in my-Folder.php: SQLSTATE[42S02]: Base table or view not found: 1146 Table 'arc-hive-maindb.documents_type_fields' doesn't exist
[18-Aug-2025 15:17:51 Europe/Berlin] PHP Fatal error:  Uncaught TypeError: http_response_code(): Argument #1 ($response_code) must be of type int, string given in C:\xampp\htdocs\GitHub\Arc_Hive\my-Folder.php:211
Stack trace:
#0 C:\xampp\htdocs\GitHub\Arc_Hive\my-Folder.php(211): http_response_code('42S02')
#1 {main}
  thrown in C:\xampp\htdocs\GitHub\Arc_Hive\my-Folder.php on line 211
[18-Aug-2025 15:18:07 Europe/Berlin] Error in my-report.php: SQLSTATE[42S22]: Column not found: 1054 Unknown column 'f.physical_storage_path' in 'field list'
[18-Aug-2025 15:18:07 Europe/Berlin] PHP Fatal error:  Uncaught TypeError: sendJsonResponse(): Argument #4 ($statusCode) must be of type int, string given, called in C:\xampp\htdocs\GitHub\Arc_Hive\my-report.php on line 159 and defined in C:\xampp\htdocs\GitHub\Arc_Hive\my-report.php:33
Stack trace:
#0 C:\xampp\htdocs\GitHub\Arc_Hive\my-report.php(159): sendJsonResponse(false, 'Server error: S...', Array, '42S22')
#1 {main}
  thrown in C:\xampp\htdocs\GitHub\Arc_Hive\my-report.php on line 33
[18-Aug-2025 15:25:02 Europe/Berlin] Error in my-report.php: Unauthorized access: Please log in.
[18-Aug-2025 15:33:07 Europe/Berlin] Error in my-report.php: Unauthorized access: Please log in.
[18-Aug-2025 15:33:14 Europe/Berlin] Error in my-report.php: Unauthorized access: Please log in.
[18-Aug-2025 15:33:42 Europe/Berlin] Error in my-report.php: SQLSTATE[42S22]: Column not found: 1054 Unknown column 'f.physical_storage_path' in 'field list'
[18-Aug-2025 15:33:42 Europe/Berlin] PHP Fatal error:  Uncaught TypeError: sendJsonResponse(): Argument #4 ($statusCode) must be of type int, string given, called in C:\xampp\htdocs\GitHub\Arc_Hive\my-report.php on line 159 and defined in C:\xampp\htdocs\GitHub\Arc_Hive\my-report.php:33
Stack trace:
#0 C:\xampp\htdocs\GitHub\Arc_Hive\my-report.php(159): sendJsonResponse(false, 'Server error: S...', Array, '42S22')
#1 {main}
  thrown in C:\xampp\htdocs\GitHub\Arc_Hive\my-report.php on line 33
[18-Aug-2025 15:37:27 Europe/Berlin] Error in my-report.php: SQLSTATE[42S22]: Column not found: 1054 Unknown column 'f.physical_storage_path' in 'field list'
[18-Aug-2025 15:37:27 Europe/Berlin] PHP Fatal error:  Uncaught TypeError: sendJsonResponse(): Argument #4 ($statusCode) must be of type int, string given, called in C:\xampp\htdocs\GitHub\Arc_Hive\my-report.php on line 159 and defined in C:\xampp\htdocs\GitHub\Arc_Hive\my-report.php:33
Stack trace:
#0 C:\xampp\htdocs\GitHub\Arc_Hive\my-report.php(159): sendJsonResponse(false, 'Server error: S...', Array, '42S22')
#1 {main}
  thrown in C:\xampp\htdocs\GitHub\Arc_Hive\my-report.php on line 33
[18-Aug-2025 15:37:33 Europe/Berlin] Error in my-report.php: SQLSTATE[42S22]: Column not found: 1054 Unknown column 'f.physical_storage_path' in 'field list'
[18-Aug-2025 15:37:33 Europe/Berlin] PHP Fatal error:  Uncaught TypeError: sendJsonResponse(): Argument #4 ($statusCode) must be of type int, string given, called in C:\xampp\htdocs\GitHub\Arc_Hive\my-report.php on line 159 and defined in C:\xampp\htdocs\GitHub\Arc_Hive\my-report.php:33
Stack trace:
#0 C:\xampp\htdocs\GitHub\Arc_Hive\my-report.php(159): sendJsonResponse(false, 'Server error: S...', Array, '42S22')
#1 {main}
  thrown in C:\xampp\htdocs\GitHub\Arc_Hive\my-report.php on line 33
[18-Aug-2025 15:37:39 Europe/Berlin] Error in my-report.php: SQLSTATE[42S22]: Column not found: 1054 Unknown column 'f.physical_storage_path' in 'field list'
[18-Aug-2025 15:37:39 Europe/Berlin] PHP Fatal error:  Uncaught TypeError: sendJsonResponse(): Argument #4 ($statusCode) must be of type int, string given, called in C:\xampp\htdocs\GitHub\Arc_Hive\my-report.php on line 159 and defined in C:\xampp\htdocs\GitHub\Arc_Hive\my-report.php:33
Stack trace:
#0 C:\xampp\htdocs\GitHub\Arc_Hive\my-report.php(159): sendJsonResponse(false, 'Server error: S...', Array, '42S22')
#1 {main}
  thrown in C:\xampp\htdocs\GitHub\Arc_Hive\my-report.php on line 33
[18-Aug-2025 15:37:54 Europe/Berlin] Error in my-Folder.php: SQLSTATE[42S02]: Base table or view not found: 1146 Table 'arc-hive-maindb.documents_type_fields' doesn't exist
[18-Aug-2025 15:37:54 Europe/Berlin] PHP Fatal error:  Uncaught TypeError: http_response_code(): Argument #1 ($response_code) must be of type int, string given in C:\xampp\htdocs\GitHub\Arc_Hive\my-Folder.php:211
Stack trace:
#0 C:\xampp\htdocs\GitHub\Arc_Hive\my-Folder.php(211): http_response_code('42S02')
#1 {main}
  thrown in C:\xampp\htdocs\GitHub\Arc_Hive\my-Folder.php on line 211
[18-Aug-2025 15:37:58 Europe/Berlin] Error in my-Folder.php: SQLSTATE[42S02]: Base table or view not found: 1146 Table 'arc-hive-maindb.documents_type_fields' doesn't exist
[18-Aug-2025 15:37:58 Europe/Berlin] PHP Fatal error:  Uncaught TypeError: http_response_code(): Argument #1 ($response_code) must be of type int, string given in C:\xampp\htdocs\GitHub\Arc_Hive\my-Folder.php:211
Stack trace:
#0 C:\xampp\htdocs\GitHub\Arc_Hive\my-Folder.php(211): http_response_code('42S02')
#1 {main}
  thrown in C:\xampp\htdocs\GitHub\Arc_Hive\my-Folder.php on line 211
[18-Aug-2025 15:38:01 Europe/Berlin] Error in my-report.php: SQLSTATE[42S22]: Column not found: 1054 Unknown column 'f.physical_storage_path' in 'field list'
[18-Aug-2025 15:38:01 Europe/Berlin] PHP Fatal error:  Uncaught TypeError: sendJsonResponse(): Argument #4 ($statusCode) must be of type int, string given, called in C:\xampp\htdocs\GitHub\Arc_Hive\my-report.php on line 159 and defined in C:\xampp\htdocs\GitHub\Arc_Hive\my-report.php:33
Stack trace:
#0 C:\xampp\htdocs\GitHub\Arc_Hive\my-report.php(159): sendJsonResponse(false, 'Server error: S...', Array, '42S22')
#1 {main}
  thrown in C:\xampp\htdocs\GitHub\Arc_Hive\my-report.php on line 33
[18-Aug-2025 15:38:33 Europe/Berlin] Error in my-report.php: SQLSTATE[42S22]: Column not found: 1054 Unknown column 'f.physical_storage_path' in 'field list'
[18-Aug-2025 15:38:33 Europe/Berlin] PHP Fatal error:  Uncaught TypeError: sendJsonResponse(): Argument #4 ($statusCode) must be of type int, string given, called in C:\xampp\htdocs\GitHub\Arc_Hive\my-report.php on line 159 and defined in C:\xampp\htdocs\GitHub\Arc_Hive\my-report.php:33
Stack trace:
#0 C:\xampp\htdocs\GitHub\Arc_Hive\my-report.php(159): sendJsonResponse(false, 'Server error: S...', Array, '42S22')
#1 {main}
  thrown in C:\xampp\htdocs\GitHub\Arc_Hive\my-report.php on line 33
[18-Aug-2025 15:51:51 Europe/Berlin] Error in my-report.php: SQLSTATE[42S22]: Column not found: 1054 Unknown column 'f.physical_storage_path' in 'field list'
[18-Aug-2025 15:51:51 Europe/Berlin] PHP Fatal error:  Uncaught TypeError: sendJsonResponse(): Argument #4 ($statusCode) must be of type int, string given, called in C:\xampp\htdocs\GitHub\Arc_Hive\my-report.php on line 159 and defined in C:\xampp\htdocs\GitHub\Arc_Hive\my-report.php:33
Stack trace:
#0 C:\xampp\htdocs\GitHub\Arc_Hive\my-report.php(159): sendJsonResponse(false, 'Server error: S...', Array, '42S22')
#1 {main}
  thrown in C:\xampp\htdocs\GitHub\Arc_Hive\my-report.php on line 33
[18-Aug-2025 15:51:54 Europe/Berlin] Error in my-report.php: SQLSTATE[42S22]: Column not found: 1054 Unknown column 'f.physical_storage_path' in 'field list'
[18-Aug-2025 15:51:54 Europe/Berlin] PHP Fatal error:  Uncaught TypeError: sendJsonResponse(): Argument #4 ($statusCode) must be of type int, string given, called in C:\xampp\htdocs\GitHub\Arc_Hive\my-report.php on line 159 and defined in C:\xampp\htdocs\GitHub\Arc_Hive\my-report.php:33
Stack trace:
#0 C:\xampp\htdocs\GitHub\Arc_Hive\my-report.php(159): sendJsonResponse(false, 'Server error: S...', Array, '42S22')
#1 {main}
  thrown in C:\xampp\htdocs\GitHub\Arc_Hive\my-report.php on line 33
[18-Aug-2025 15:51:57 Europe/Berlin] Error in my-report.php: SQLSTATE[42S22]: Column not found: 1054 Unknown column 'f.physical_storage_path' in 'field list'
[18-Aug-2025 15:51:57 Europe/Berlin] PHP Fatal error:  Uncaught TypeError: sendJsonResponse(): Argument #4 ($statusCode) must be of type int, string given, called in C:\xampp\htdocs\GitHub\Arc_Hive\my-report.php on line 159 and defined in C:\xampp\htdocs\GitHub\Arc_Hive\my-report.php:33
Stack trace:
#0 C:\xampp\htdocs\GitHub\Arc_Hive\my-report.php(159): sendJsonResponse(false, 'Server error: S...', Array, '42S22')
#1 {main}
  thrown in C:\xampp\htdocs\GitHub\Arc_Hive\my-report.php on line 33
[18-Aug-2025 15:54:37 Europe/Berlin] Error in my-report.php: SQLSTATE[42S22]: Column not found: 1054 Unknown column 'f.physical_storage_path' in 'field list'
[18-Aug-2025 15:54:37 Europe/Berlin] PHP Fatal error:  Uncaught TypeError: sendJsonResponse(): Argument #4 ($statusCode) must be of type int, string given, called in C:\xampp\htdocs\GitHub\Arc_Hive\my-report.php on line 159 and defined in C:\xampp\htdocs\GitHub\Arc_Hive\my-report.php:33
Stack trace:
#0 C:\xampp\htdocs\GitHub\Arc_Hive\my-report.php(159): sendJsonResponse(false, 'Server error: S...', Array, '42S22')
#1 {main}
  thrown in C:\xampp\htdocs\GitHub\Arc_Hive\my-report.php on line 33
[18-Aug-2025 15:56:13 Europe/Berlin] Error in my-report.php: SQLSTATE[42S22]: Column not found: 1054 Unknown column 'f.physical_storage_path' in 'field list'
[18-Aug-2025 15:56:13 Europe/Berlin] PHP Fatal error:  Uncaught TypeError: sendJsonResponse(): Argument #4 ($statusCode) must be of type int, string given, called in C:\xampp\htdocs\GitHub\Arc_Hive\my-report.php on line 159 and defined in C:\xampp\htdocs\GitHub\Arc_Hive\my-report.php:33
Stack trace:
#0 C:\xampp\htdocs\GitHub\Arc_Hive\my-report.php(159): sendJsonResponse(false, 'Server error: S...', Array, '42S22')
#1 {main}
  thrown in C:\xampp\htdocs\GitHub\Arc_Hive\my-report.php on line 33
[18-Aug-2025 15:57:52 Europe/Berlin] Error in my-Folder.php: SQLSTATE[42S02]: Base table or view not found: 1146 Table 'arc-hive-maindb.documents_type_fields' doesn't exist
[18-Aug-2025 15:57:52 Europe/Berlin] PHP Fatal error:  Uncaught TypeError: http_response_code(): Argument #1 ($response_code) must be of type int, string given in C:\xampp\htdocs\GitHub\Arc_Hive\my-Folder.php:211
Stack trace:
#0 C:\xampp\htdocs\GitHub\Arc_Hive\my-Folder.php(211): http_response_code('42S02')
#1 {main}
  thrown in C:\xampp\htdocs\GitHub\Arc_Hive\my-Folder.php on line 211
[18-Aug-2025 15:59:39 Europe/Berlin] PHP Warning:  Undefined variable $documentCopies in C:\xampp\htdocs\GitHub\Arc_Hive\my-report.php on line 267
[18-Aug-2025 15:59:39 Europe/Berlin] PHP Warning:  foreach() argument must be of type array|object, null given in C:\xampp\htdocs\GitHub\Arc_Hive\my-report.php on line 267
[18-Aug-2025 16:00:30 Europe/Berlin] PHP Warning:  Undefined variable $documentCopies in C:\xampp\htdocs\GitHub\Arc_Hive\my-report.php on line 267
[18-Aug-2025 16:00:30 Europe/Berlin] PHP Warning:  foreach() argument must be of type array|object, null given in C:\xampp\htdocs\GitHub\Arc_Hive\my-report.php on line 267
[18-Aug-2025 16:04:01 Europe/Berlin] Error fetching document copies in my-report.php: SQLSTATE[42S22]: Column not found: 1054 Unknown column 'f.physical_storage_path' in 'field list'
[18-Aug-2025 16:04:01 Europe/Berlin] [2025-08-18 16:04:01] User 14 (Sgt Caleb Steven A Lagunilla PA (Res)) accessed My Report page (users_department_id=5)
[18-Aug-2025 16:04:09 Europe/Berlin] Error fetching document copies in my-report.php: SQLSTATE[42S22]: Column not found: 1054 Unknown column 'f.physical_storage_path' in 'field list'
[18-Aug-2025 16:04:09 Europe/Berlin] [2025-08-18 16:04:09] User 14 (Sgt Caleb Steven A Lagunilla PA (Res)) accessed My Report page (users_department_id=5)
[18-Aug-2025 16:04:50 Europe/Berlin] Error fetching document copies in my-report.php: SQLSTATE[42S22]: Column not found: 1054 Unknown column 'f.physical_storage_path' in 'field list'
[18-Aug-2025 16:04:50 Europe/Berlin] [2025-08-18 16:04:50] User 14 (Sgt Caleb Steven A Lagunilla PA (Res)) accessed My Report page (users_department_id=5)
[18-Aug-2025 16:04:58 Europe/Berlin] Error in my-Folder.php: SQLSTATE[42S02]: Base table or view not found: 1146 Table 'arc-hive-maindb.documents_type_fields' doesn't exist
[18-Aug-2025 16:04:58 Europe/Berlin] PHP Fatal error:  Uncaught TypeError: http_response_code(): Argument #1 ($response_code) must be of type int, string given in C:\xampp\htdocs\GitHub\Arc_Hive\my-Folder.php:211
Stack trace:
#0 C:\xampp\htdocs\GitHub\Arc_Hive\my-Folder.php(211): http_response_code('42S02')
#1 {main}
  thrown in C:\xampp\htdocs\GitHub\Arc_Hive\my-Folder.php on line 211
<<<<<<< HEAD
[18-Aug-2025 16:07:48 Europe/Berlin] Error fetching document copies in my-report.php: SQLSTATE[42S22]: Column not found: 1054 Unknown column 'f.physical_storage_path' in 'field list'
[18-Aug-2025 16:07:48 Europe/Berlin] [2025-08-18 16:07:48] User 14 (Sgt Caleb Steven A Lagunilla PA (Res)) accessed My Report page (users_department_id=5)
[18-Aug-2025 16:07:56 Europe/Berlin] Error fetching document copies in my-report.php: SQLSTATE[42S22]: Column not found: 1054 Unknown column 'f.physical_storage_path' in 'field list'
[18-Aug-2025 16:07:56 Europe/Berlin] [2025-08-18 16:07:56] User 14 (Sgt Caleb Steven A Lagunilla PA (Res)) accessed My Report page (users_department_id=5)
[18-Aug-2025 16:09:02 Europe/Berlin] Error in my-Folder.php: SQLSTATE[42S02]: Base table or view not found: 1146 Table 'arc-hive-maindb.documents_type_fields' doesn't exist
[18-Aug-2025 16:09:02 Europe/Berlin] PHP Fatal error:  Uncaught TypeError: http_response_code(): Argument #1 ($response_code) must be of type int, string given in C:\xampp\htdocs\GitHub\Arc_Hive\my-Folder.php:211
Stack trace:
#0 C:\xampp\htdocs\GitHub\Arc_Hive\my-Folder.php(211): http_response_code('42S02')
#1 {main}
  thrown in C:\xampp\htdocs\GitHub\Arc_Hive\my-Folder.php on line 211
[18-Aug-2025 16:09:25 Europe/Berlin] Error in my-Folder.php: SQLSTATE[42S02]: Base table or view not found: 1146 Table 'arc-hive-maindb.documents_type_fields' doesn't exist
[18-Aug-2025 16:09:25 Europe/Berlin] PHP Fatal error:  Uncaught TypeError: http_response_code(): Argument #1 ($response_code) must be of type int, string given in C:\xampp\htdocs\GitHub\Arc_Hive\my-Folder.php:211
Stack trace:
#0 C:\xampp\htdocs\GitHub\Arc_Hive\my-Folder.php(211): http_response_code('42S02')
#1 {main}
  thrown in C:\xampp\htdocs\GitHub\Arc_Hive\my-Folder.php on line 211
[18-Aug-2025 16:14:37 Europe/Berlin] Error fetching document types in my-folder.php: SQLSTATE[42S02]: Base table or view not found: 1146 Table 'arc-hive-maindb.documents_type_fields' doesn't exist
[18-Aug-2025 16:14:37 Europe/Berlin] Error fetching user files in my-folder.php: SQLSTATE[42S02]: Base table or view not found: 1146 Table 'arc-hive-maindb.documents_type_fields' doesn't exist
[18-Aug-2025 16:14:37 Europe/Berlin] PHP Deprecated:  Constant FILTER_SANITIZE_STRING is deprecated in C:\xampp\htdocs\GitHub\Arc_Hive\my-Folder.php on line 205
[18-Aug-2025 16:14:37 Europe/Berlin] [2025-08-18 16:14:37] User 14 (Sgt Caleb Steven A Lagunilla PA (Res)) accessed My Folder page
[18-Aug-2025 16:14:47 Europe/Berlin] Error in Department_folder.php: SQLSTATE[42S02]: Base table or view not found: 1146 Table 'arc-hive-maindb.documents_type_fields' doesn't exist
[18-Aug-2025 16:14:47 Europe/Berlin] PHP Fatal error:  Uncaught TypeError: http_response_code(): Argument #1 ($response_code) must be of type int, string given in C:\xampp\htdocs\GitHub\Arc_Hive\Department_folder.php:297
Stack trace:
#0 C:\xampp\htdocs\GitHub\Arc_Hive\Department_folder.php(297): http_response_code('42S02')
#1 {main}
  thrown in C:\xampp\htdocs\GitHub\Arc_Hive\Department_folder.php on line 297
[18-Aug-2025 16:14:52 Europe/Berlin] Error fetching document types in my-folder.php: SQLSTATE[42S02]: Base table or view not found: 1146 Table 'arc-hive-maindb.documents_type_fields' doesn't exist
[18-Aug-2025 16:14:52 Europe/Berlin] Error fetching user files in my-folder.php: SQLSTATE[42S02]: Base table or view not found: 1146 Table 'arc-hive-maindb.documents_type_fields' doesn't exist
[18-Aug-2025 16:14:52 Europe/Berlin] PHP Deprecated:  Constant FILTER_SANITIZE_STRING is deprecated in C:\xampp\htdocs\GitHub\Arc_Hive\my-Folder.php on line 205
[18-Aug-2025 16:14:52 Europe/Berlin] [2025-08-18 16:14:52] User 14 (Sgt Caleb Steven A Lagunilla PA (Res)) accessed My Folder page
[18-Aug-2025 16:14:54 Europe/Berlin] Error fetching document copies in my-report.php: SQLSTATE[42S22]: Column not found: 1054 Unknown column 'f.physical_storage_path' in 'field list'
[18-Aug-2025 16:14:54 Europe/Berlin] [2025-08-18 16:14:54] User 14 (Sgt Caleb Steven A Lagunilla PA (Res)) accessed My Report page (users_department_id=5)
[18-Aug-2025 16:14:57 Europe/Berlin] Error fetching document types in my-folder.php: SQLSTATE[42S02]: Base table or view not found: 1146 Table 'arc-hive-maindb.documents_type_fields' doesn't exist
[18-Aug-2025 16:14:57 Europe/Berlin] Error fetching user files in my-folder.php: SQLSTATE[42S02]: Base table or view not found: 1146 Table 'arc-hive-maindb.documents_type_fields' doesn't exist
[18-Aug-2025 16:14:57 Europe/Berlin] PHP Deprecated:  Constant FILTER_SANITIZE_STRING is deprecated in C:\xampp\htdocs\GitHub\Arc_Hive\my-Folder.php on line 205
[18-Aug-2025 16:14:57 Europe/Berlin] [2025-08-18 16:14:57] User 14 (Sgt Caleb Steven A Lagunilla PA (Res)) accessed My Folder page
[18-Aug-2025 16:15:55 Europe/Berlin] Error in Department_folder.php: SQLSTATE[42S02]: Base table or view not found: 1146 Table 'arc-hive-maindb.documents_type_fields' doesn't exist
[18-Aug-2025 16:15:55 Europe/Berlin] PHP Fatal error:  Uncaught TypeError: http_response_code(): Argument #1 ($response_code) must be of type int, string given in C:\xampp\htdocs\GitHub\Arc_Hive\Department_folder.php:297
Stack trace:
#0 C:\xampp\htdocs\GitHub\Arc_Hive\Department_folder.php(297): http_response_code('42S02')
#1 {main}
  thrown in C:\xampp\htdocs\GitHub\Arc_Hive\Department_folder.php on line 297
[18-Aug-2025 16:18:08 Europe/Berlin] Error fetching document types in my-folder.php: SQLSTATE[42S02]: Base table or view not found: 1146 Table 'arc-hive-maindb.documents_type_fields' doesn't exist
[18-Aug-2025 16:18:08 Europe/Berlin] Error fetching user files in my-folder.php: SQLSTATE[42S02]: Base table or view not found: 1146 Table 'arc-hive-maindb.documents_type_fields' doesn't exist
[18-Aug-2025 16:18:08 Europe/Berlin] PHP Deprecated:  Constant FILTER_SANITIZE_STRING is deprecated in C:\xampp\htdocs\GitHub\Arc_Hive\my-Folder.php on line 205
[18-Aug-2025 16:18:08 Europe/Berlin] [2025-08-18 16:18:08] User 14 (Sgt Caleb Steven A Lagunilla PA (Res)) accessed My Folder page
=======
[18-Aug-2025 16:08:34 Europe/Berlin] [2025-08-18 16:08:34] User 14 (Sgt Caleb Steven A Lagunilla PA (Res)) accessed My Report page (users_department_id=5)
[18-Aug-2025 16:08:37 Europe/Berlin] Error in my-Folder.php: SQLSTATE[42S02]: Base table or view not found: 1146 Table 'arc-hive-maindb.documents_type_fields' doesn't exist
[18-Aug-2025 16:08:37 Europe/Berlin] PHP Fatal error:  Uncaught TypeError: http_response_code(): Argument #1 ($response_code) must be of type int, string given in C:\xampp\htdocs\GitHub.com\Arc_Hive\my-Folder.php:211
Stack trace:
#0 C:\xampp\htdocs\GitHub.com\Arc_Hive\my-Folder.php(211): http_response_code('42S02')
#1 {main}
  thrown in C:\xampp\htdocs\GitHub.com\Arc_Hive\my-Folder.php on line 211
[18-Aug-2025 16:08:38 Europe/Berlin] [2025-08-18 16:08:38] User 14 (Sgt Caleb Steven A Lagunilla PA (Res)) accessed My Report page (users_department_id=5)
>>>>>>> bef18462a3767ba0b7ffb322666e4d5b41d60b87
<<<<<<< HEAD
[18-Aug-2025 16:23:43 Europe/Berlin] Error fetching document types in my-folder.php: SQLSTATE[42S02]: Base table or view not found: 1146 Table 'arc-hive-maindb.documents_type_fields' doesn't exist
[18-Aug-2025 16:23:43 Europe/Berlin] Error fetching user files in my-folder.php: SQLSTATE[42S02]: Base table or view not found: 1146 Table 'arc-hive-maindb.documents_type_fields' doesn't exist
[18-Aug-2025 16:23:43 Europe/Berlin] [2025-08-18 16:23:43] User 14 (Sgt Caleb Steven A Lagunilla PA (Res)) accessed My Folder page
[18-Aug-2025 16:23:45 Europe/Berlin] Error fetching document types in my-folder.php: SQLSTATE[42S02]: Base table or view not found: 1146 Table 'arc-hive-maindb.documents_type_fields' doesn't exist
[18-Aug-2025 16:23:45 Europe/Berlin] Error fetching user files in my-folder.php: SQLSTATE[42S02]: Base table or view not found: 1146 Table 'arc-hive-maindb.documents_type_fields' doesn't exist
[18-Aug-2025 16:23:45 Europe/Berlin] [2025-08-18 16:23:45] User 14 (Sgt Caleb Steven A Lagunilla PA (Res)) accessed My Folder page
[18-Aug-2025 16:23:48 Europe/Berlin] Error in Department_folder.php: SQLSTATE[42S02]: Base table or view not found: 1146 Table 'arc-hive-maindb.documents_type_fields' doesn't exist
[18-Aug-2025 16:23:48 Europe/Berlin] PHP Fatal error:  Uncaught TypeError: http_response_code(): Argument #1 ($response_code) must be of type int, string given in C:\xampp\htdocs\GitHub.com\Arc_Hive\Department_folder.php:297
Stack trace:
#0 C:\xampp\htdocs\GitHub.com\Arc_Hive\Department_folder.php(297): http_response_code('42S02')
#1 {main}
  thrown in C:\xampp\htdocs\GitHub.com\Arc_Hive\Department_folder.php on line 297
[18-Aug-2025 16:28:44 Europe/Berlin] [2025-08-18 16:28:44] User 14 (Sgt Caleb Steven A Lagunilla PA (Res)) accessed My Report page (users_department_id=5)
[18-Aug-2025 16:28:47 Europe/Berlin] Error in Department_folder.php: SQLSTATE[42S02]: Base table or view not found: 1146 Table 'arc-hive-maindb.documents_type_fields' doesn't exist
[18-Aug-2025 16:28:47 Europe/Berlin] PHP Fatal error:  Uncaught TypeError: http_response_code(): Argument #1 ($response_code) must be of type int, string given in C:\xampp\htdocs\GitHub.com\Arc_Hive\Department_folder.php:297
Stack trace:
#0 C:\xampp\htdocs\GitHub.com\Arc_Hive\Department_folder.php(297): http_response_code('42S02')
#1 {main}
  thrown in C:\xampp\htdocs\GitHub.com\Arc_Hive\Department_folder.php on line 297
[18-Aug-2025 16:28:49 Europe/Berlin] Error fetching document types in my-folder.php: SQLSTATE[42S02]: Base table or view not found: 1146 Table 'arc-hive-maindb.documents_type_fields' doesn't exist
[18-Aug-2025 16:28:49 Europe/Berlin] Error fetching user files in my-folder.php: SQLSTATE[42S02]: Base table or view not found: 1146 Table 'arc-hive-maindb.documents_type_fields' doesn't exist
[18-Aug-2025 16:28:49 Europe/Berlin] [2025-08-18 16:28:49] User 14 (Sgt Caleb Steven A Lagunilla PA (Res)) accessed My Folder page
[18-Aug-2025 16:28:54 Europe/Berlin] [2025-08-18 16:28:54] User 14 (Sgt Caleb Steven A Lagunilla PA (Res)) accessed My Report page (users_department_id=5)
[18-Aug-2025 16:29:51 Europe/Berlin] [2025-08-18 16:29:51] User 14 (Sgt Caleb Steven A Lagunilla PA (Res)) accessed My Report page (users_department_id=5)
[18-Aug-2025 16:29:59 Europe/Berlin] [2025-08-18 16:29:59] User 14 (Sgt Caleb Steven A Lagunilla PA (Res)) accessed My Report page (users_department_id=5)
[18-Aug-2025 16:32:44 Europe/Berlin] [2025-08-18 16:32:44] User 14 (Sgt Caleb Steven A Lagunilla PA (Res)) accessed My Report page (users_department_id=5)
=======
[18-Aug-2025 16:29:26 Europe/Berlin] Error fetching document types in department_folder.php: SQLSTATE[42S02]: Base table or view not found: 1146 Table 'arc-hive-maindb.documents_type_fields' doesn't exist
[18-Aug-2025 16:29:26 Europe/Berlin] Error fetching department files in department_folder.php: SQLSTATE[42S02]: Base table or view not found: 1146 Table 'arc-hive-maindb.documents_type_fields' doesn't exist
[18-Aug-2025 16:29:26 Europe/Berlin] PHP Deprecated:  Constant FILTER_SANITIZE_STRING is deprecated in C:\xampp\htdocs\GitHub\Arc_Hive\Department_folder.php on line 351
[18-Aug-2025 16:29:26 Europe/Berlin] [2025-08-18 16:29:26] User 14 (Sgt Caleb Steven A Lagunilla PA (Res)) accessed Department Folder page for department ID 10
[18-Aug-2025 16:29:32 Europe/Berlin] Error fetching document types in my-folder.php: SQLSTATE[42S02]: Base table or view not found: 1146 Table 'arc-hive-maindb.documents_type_fields' doesn't exist
[18-Aug-2025 16:29:32 Europe/Berlin] Error fetching user files in my-folder.php: SQLSTATE[42S02]: Base table or view not found: 1146 Table 'arc-hive-maindb.documents_type_fields' doesn't exist
[18-Aug-2025 16:29:32 Europe/Berlin] PHP Deprecated:  Constant FILTER_SANITIZE_STRING is deprecated in C:\xampp\htdocs\GitHub\Arc_Hive\my-Folder.php on line 205
[18-Aug-2025 16:29:32 Europe/Berlin] [2025-08-18 16:29:32] User 14 (Sgt Caleb Steven A Lagunilla PA (Res)) accessed My Folder page
[18-Aug-2025 16:29:33 Europe/Berlin] Error fetching document types in department_folder.php: SQLSTATE[42S02]: Base table or view not found: 1146 Table 'arc-hive-maindb.documents_type_fields' doesn't exist
[18-Aug-2025 16:29:33 Europe/Berlin] Error fetching department files in department_folder.php: SQLSTATE[42S02]: Base table or view not found: 1146 Table 'arc-hive-maindb.documents_type_fields' doesn't exist
[18-Aug-2025 16:29:33 Europe/Berlin] PHP Deprecated:  Constant FILTER_SANITIZE_STRING is deprecated in C:\xampp\htdocs\GitHub\Arc_Hive\Department_folder.php on line 351
[18-Aug-2025 16:29:33 Europe/Berlin] [2025-08-18 16:29:33] User 14 (Sgt Caleb Steven A Lagunilla PA (Res)) accessed Department Folder page for department ID 10
[18-Aug-2025 16:29:34 Europe/Berlin] Error fetching document types in my-folder.php: SQLSTATE[42S02]: Base table or view not found: 1146 Table 'arc-hive-maindb.documents_type_fields' doesn't exist
[18-Aug-2025 16:29:34 Europe/Berlin] Error fetching user files in my-folder.php: SQLSTATE[42S02]: Base table or view not found: 1146 Table 'arc-hive-maindb.documents_type_fields' doesn't exist
[18-Aug-2025 16:29:34 Europe/Berlin] PHP Deprecated:  Constant FILTER_SANITIZE_STRING is deprecated in C:\xampp\htdocs\GitHub\Arc_Hive\my-Folder.php on line 205
[18-Aug-2025 16:29:34 Europe/Berlin] [2025-08-18 16:29:34] User 14 (Sgt Caleb Steven A Lagunilla PA (Res)) accessed My Folder page
[18-Aug-2025 16:29:34 Europe/Berlin] Error fetching document copies in my-report.php: SQLSTATE[42S22]: Column not found: 1054 Unknown column 'f.physical_storage_path' in 'field list'
[18-Aug-2025 16:29:34 Europe/Berlin] [2025-08-18 16:29:34] User 14 (Sgt Caleb Steven A Lagunilla PA (Res)) accessed My Report page (users_department_id=5)
[18-Aug-2025 16:29:34 Europe/Berlin] Error fetching document copies in my-report.php: SQLSTATE[42S22]: Column not found: 1054 Unknown column 'f.physical_storage_path' in 'field list'
[18-Aug-2025 16:29:34 Europe/Berlin] [2025-08-18 16:29:34] User 14 (Sgt Caleb Steven A Lagunilla PA (Res)) accessed My Report page (users_department_id=5)
[18-Aug-2025 16:29:39 Europe/Berlin] Error fetching document types in my-folder.php: SQLSTATE[42S02]: Base table or view not found: 1146 Table 'arc-hive-maindb.documents_type_fields' doesn't exist
[18-Aug-2025 16:29:39 Europe/Berlin] Error fetching user files in my-folder.php: SQLSTATE[42S02]: Base table or view not found: 1146 Table 'arc-hive-maindb.documents_type_fields' doesn't exist
[18-Aug-2025 16:29:39 Europe/Berlin] PHP Deprecated:  Constant FILTER_SANITIZE_STRING is deprecated in C:\xampp\htdocs\GitHub\Arc_Hive\my-Folder.php on line 205
[18-Aug-2025 16:29:39 Europe/Berlin] [2025-08-18 16:29:39] User 14 (Sgt Caleb Steven A Lagunilla PA (Res)) accessed My Folder page
[18-Aug-2025 16:29:46 Europe/Berlin] Error fetching document copies in my-report.php: SQLSTATE[42S22]: Column not found: 1054 Unknown column 'f.physical_storage_path' in 'field list'
[18-Aug-2025 16:29:46 Europe/Berlin] [2025-08-18 16:29:46] User 14 (Sgt Caleb Steven A Lagunilla PA (Res)) accessed My Report page (users_department_id=5)
[18-Aug-2025 16:29:49 Europe/Berlin] Error fetching document types in my-folder.php: SQLSTATE[42S02]: Base table or view not found: 1146 Table 'arc-hive-maindb.documents_type_fields' doesn't exist
[18-Aug-2025 16:29:49 Europe/Berlin] Error fetching user files in my-folder.php: SQLSTATE[42S02]: Base table or view not found: 1146 Table 'arc-hive-maindb.documents_type_fields' doesn't exist
[18-Aug-2025 16:29:49 Europe/Berlin] PHP Deprecated:  Constant FILTER_SANITIZE_STRING is deprecated in C:\xampp\htdocs\GitHub\Arc_Hive\my-Folder.php on line 205
[18-Aug-2025 16:29:49 Europe/Berlin] [2025-08-18 16:29:49] User 14 (Sgt Caleb Steven A Lagunilla PA (Res)) accessed My Folder page
[18-Aug-2025 16:29:54 Europe/Berlin] Error fetching document types in department_folder.php: SQLSTATE[42S02]: Base table or view not found: 1146 Table 'arc-hive-maindb.documents_type_fields' doesn't exist
[18-Aug-2025 16:29:54 Europe/Berlin] Error fetching department files in department_folder.php: SQLSTATE[42S02]: Base table or view not found: 1146 Table 'arc-hive-maindb.documents_type_fields' doesn't exist
[18-Aug-2025 16:29:54 Europe/Berlin] PHP Deprecated:  Constant FILTER_SANITIZE_STRING is deprecated in C:\xampp\htdocs\GitHub\Arc_Hive\Department_folder.php on line 351
[18-Aug-2025 16:29:54 Europe/Berlin] [2025-08-18 16:29:54] User 14 (Sgt Caleb Steven A Lagunilla PA (Res)) accessed Department Folder page for department ID 10
>>>>>>> ba63da4e5f8dea59e6de0e14c4dab3c8424267f5
